#
# A fatal error has been detected by the Java Runtime Environment:
#
#  EXCEPTION_STACK_OVERFLOW (0xc00000fd) at pc=0x00007ffb858825b3, pid=93380, tid=98704
#
# JRE version: Java(TM) SE Runtime Environment (19.0.2+7) (build 19.0.2+7-44)
# Java VM: Java HotSpot(TM) 64-Bit Server VM (19.0.2+7-44, mixed mode, sharing, tiered, compressed oops, compressed class ptrs, g1 gc, windows-amd64)
# Problematic frame:
# V  [jvm.dll+0x3e25b3]
#
# No core dump will be written. Minidumps are not enabled by default on client versions of Windows
#
# If you would like to submit a bug report, please visit:
#   https://bugreport.java.com/bugreport/crash.jsp
#

---------------  S U M M A R Y ------------

Command Line: -ea -Dfile.encoding=UTF-8 -XX:+ShowCodeDetailsInExceptionMessages org.testng.remote.RemoteTestNG -serport 54367 -protocol json -d C:\Users\lordr\AppiumWorkspace\AmazonFramework\Automation\test-output C:\Users\lordr\AppData\Local\Temp\testng-eclipse--554456514\testng-customsuite.xml

Host: 11th Gen Intel(R) Core(TM) i3-1115G4 @ 3.00GHz, 4 cores, 7G,  Windows 10 , 64 bit Build 19041 (10.0.19041.2788)
Time: Sat Apr 22 16:55:58 2023 Eastern Daylight Time elapsed time: 7031.442850 seconds (0d 1h 57m 11s)

---------------  T H R E A D  ---------------

Current thread (0x000002a9270cc420):  JavaThread "Driver Service Executor" daemon [_thread_in_vm, id=98704, stack(0x000000bbad000000,0x000000bbad100000)]

Stack: [0x000000bbad000000,0x000000bbad100000],  sp=0x000000bbad0ffa70,  free space=1022k
Native frames: (J=compiled Java code, j=interpreted, Vv=VM code, C=native code)
V  [jvm.dll+0x3e25b3]
V  [jvm.dll+0x6ee142]
V  [jvm.dll+0x3e31bb]
V  [jvm.dll+0x3e3447]
V  [jvm.dll+0x46b915]
V  [jvm.dll+0x807588]
V  [jvm.dll+0x80125a]
