#
# There is insufficient memory for the Java Runtime Environment to continue.
# Native memory allocation (mmap) failed to map 132120576 bytes for G1 virtual space
# Possible reasons:
#   The system is out of physical RAM or swap space
#   The process is running with CompressedOops enabled, and the Java Heap may be blocking the growth of the native heap
# Possible solutions:
#   Reduce memory load on the system
#   Increase physical memory or swap space
#   Check if swap backing store is full
#   Decrease Java heap size (-Xmx/-Xms)
#   Decrease number of Java threads
#   Decrease Java thread stack sizes (-Xss)
#   Set larger code cache with -XX:ReservedCodeCacheSize=
#   JVM is running with Unscaled Compressed Oops mode in which the Java heap is
#     placed in the first 4GB address space. The Java Heap base address is the
#     maximum limit for the native heap growth. Please use -XX:HeapBaseMinAddress
#     to set the Java Heap base and to place the Java Heap above 4GB virtual address.
# This output file may be truncated or incomplete.
#
#  Out of Memory Error (os_windows.cpp:3536), pid=43444, tid=68980
#
# JRE version:  (19.0.2+7) (build )
# Java VM: Java HotSpot(TM) 64-Bit Server VM (19.0.2+7-44, mixed mode, sharing, tiered, compressed oops, compressed class ptrs, g1 gc, windows-amd64)
# No core dump will be written. Minidumps are not enabled by default on client versions of Windows
#

---------------  S U M M A R Y ------------

Command Line: -XX:+ShowCodeDetailsInExceptionMessages -agentlib:jdwp=transport=dt_socket,suspend=y,address=localhost:54818 -ea -Dfile.encoding=UTF-8 org.testng.remote.RemoteTestNG -serport 54816 -protocol json -d C:\Users\lordr\AppiumWorkspace\AmazonFramework\Automation\test-output C:\Users\lordr\AppData\Local\Temp\testng-eclipse-1275115019\testng-customsuite.xml

Host: 11th Gen Intel(R) Core(TM) i3-1115G4 @ 3.00GHz, 4 cores, 7G,  Windows 10 , 64 bit Build 19041 (10.0.19041.2788)
Time: Sat Apr 22 01:16:30 2023 Eastern Daylight Time elapsed time: 0.027507 seconds (0d 0h 0m 0s)

---------------  T H R E A D  ---------------

Current thread (0x00000233dbe8efa0):  JavaThread "Unknown thread" [_thread_in_vm, id=68980, stack(0x000000d1dc300000,0x000000d1dc400000)]

Stack: [0x000000d1dc300000,0x000000d1dc400000]
Native frames: (J=compiled Java code, j=interpreted, Vv=VM code, C=native code)
V  [jvm.dll+0x6ee21a]
V  [jvm.dll+0x85765e]
V  [jvm.dll+0x85904e]
V  [jvm.dll+0x859703]
V  [jvm.dll+0x28298f]
V  [jvm.dll+0x6eb009]
V  [jvm.dll+0x6dfbaa]
V  [jvm.dll+0x3573f6]
V  [jvm.dll+0x35ee56]
V  [jvm.dll+0x3b541e]
V  [jvm.dll+0x3b564f]
V  [jvm.dll+0x32c9ea]
V  [jvm.dll+0x32d89e]
V  [jvm.dll+0x821780]
V  [jvm.dll+0x3c2661]
V  [jvm.dll+0x801f51]
V  [jvm.dll+0x44ae8f]
V  [jvm.dll+0x44c811]
C  [jli.dll+0x5287]
C  [ucrtbase.dll+0x21bb2]
C  [KERNEL32.DLL+0x17604]
C  [ntdll.dll+0x526a1]


---------------  P R O C E S S  ---------------

Threads class SMR info:
_java_thread_list=0x00007ffb8601d048, length=0, elements={
}

Java Threads: ( => current thread )

Other Threads:
  0x00000233dbeeac50 WorkerThread "GC Thread#0" [stack: 0x000000d1dc400000,0x000000d1dc500000] [id=81528]
  0x00000233dbefc350 ConcurrentGCThread "G1 Main Marker" [stack: 0x000000d1dc500000,0x000000d1dc600000] [id=83744]
  0x00000233dbefecb0 WorkerThread "G1 Conc#0" [stack: 0x000000d1dc600000,0x000000d1dc700000] [id=69600]

[error occurred during error reporting (printing all threads), id 0xc0000005, EXCEPTION_ACCESS_VIOLATION (0xc0000005) at pc=0x00007ffb857dd427]

VM state: not at safepoint (not fully initialized)

VM Mutex/Monitor currently owned by a thread:  ([mutex/lock_event])
[0x00000233dbe8a210] Heap_lock - owner thread: 0x00000233dbe8efa0

Heap address: 0x0000000083c00000, size: 1988 MB, Compressed Oops mode: 32-bit

CDS archive(s) mapped at: [0x0000000000000000-0x0000000000000000-0x0000000000000000), size 0, SharedBaseAddress: 0x0000000800000000, ArchiveRelocationMode: 0.
Narrow klass base: 0x0000000000000000, Narrow klass shift: 0, Narrow klass range: 0x0

GC Precious Log:
 CardTable entry size: 512
 Card Set container configuration: InlinePtr #cards 5 size 8 Array Of Cards #cards 12 size 40 Howl #buckets 4 coarsen threshold 1843 Howl Bitmap #cards 512 size 80 coarsen threshold 460 Card regions per heap region 1 cards per card region 2048

Heap:
 garbage-first heap   total 0K, used 0K [0x0000000083c00000, 0x0000000100000000)
  region size 1024K, 0 young (0K), 0 survivors (0K)

[error occurred during error reporting (printing heap information), id 0xc0000005, EXCEPTION_ACCESS_VIOLATION (0xc0000005) at pc=0x00007ffb85be6649]

GC Heap History (0 events):
No events

Dll operation events (1 events):
Event: 0.022 Loaded shared library C:\Program Files\Java\jdk-19\bin\java.dll

Deoptimization events (0 events):
No events

Classes loaded (0 events):
No events

Classes unloaded (0 events):
No events

Classes redefined (0 events):
No events

Internal exceptions (0 events):
No events

VM Operations (0 events):
No events

Events (0 events):
No events


Dynamic libraries:
0x00007ff6534d0000 - 0x00007ff6534e0000 	C:\Program Files\Java\jdk-19\bin\javaw.exe
0x00007ffbd4770000 - 0x00007ffbd4968000 	C:\windows\SYSTEM32\ntdll.dll
0x00007ffbd2a20000 - 0x00007ffbd2adf000 	C:\windows\System32\KERNEL32.DLL
0x00007ffbd1e80000 - 0x00007ffbd215a000 	C:\windows\System32\KERNELBASE.dll
0x00007ffbd2440000 - 0x00007ffbd2540000 	C:\windows\System32\ucrtbase.dll
0x00007ffbafbf0000 - 0x00007ffbafc0b000 	C:\Program Files\Java\jdk-19\bin\VCRUNTIME140.dll
0x00007ffbb0050000 - 0x00007ffbb0068000 	C:\Program Files\Java\jdk-19\bin\jli.dll
0x00007ffbd2fc0000 - 0x00007ffbd306e000 	C:\windows\System32\ADVAPI32.dll
0x00007ffbd3500000 - 0x00007ffbd359e000 	C:\windows\System32\msvcrt.dll
0x00007ffbd4620000 - 0x00007ffbd46bc000 	C:\windows\System32\sechost.dll
0x00007ffbd3c40000 - 0x00007ffbd3d66000 	C:\windows\System32\RPCRT4.dll
0x00007ffbd2e10000 - 0x00007ffbd2fad000 	C:\windows\System32\USER32.dll
0x00007ffbd2160000 - 0x00007ffbd2182000 	C:\windows\System32\win32u.dll
0x00007ffbd45f0000 - 0x00007ffbd461b000 	C:\windows\System32\GDI32.dll
0x00007ffbd26c0000 - 0x00007ffbd27d0000 	C:\windows\System32\gdi32full.dll
0x00007ffbd2620000 - 0x00007ffbd26bd000 	C:\windows\System32\msvcp_win.dll
0x00007ffbb2d30000 - 0x00007ffbb2fca000 	C:\windows\WinSxS\amd64_microsoft.windows.common-controls_6595b64144ccf1df_6.0.19041.1110_none_60b5254171f9507e\COMCTL32.dll
0x00007ffbc9520000 - 0x00007ffbc952a000 	C:\windows\SYSTEM32\VERSION.dll
0x00007ffbd2ae0000 - 0x00007ffbd2b10000 	C:\windows\System32\IMM32.DLL
0x00007ffbc8180000 - 0x00007ffbc818c000 	C:\Program Files\Java\jdk-19\bin\vcruntime140_1.dll
0x00007ffb97740000 - 0x00007ffb977ce000 	C:\Program Files\Java\jdk-19\bin\msvcp140.dll
0x00007ffb854a0000 - 0x00007ffb86160000 	C:\Program Files\Java\jdk-19\bin\server\jvm.dll
0x00007ffbca790000 - 0x00007ffbca799000 	C:\windows\SYSTEM32\WSOCK32.dll
0x00007ffbd46c0000 - 0x00007ffbd472b000 	C:\windows\System32\WS2_32.dll
0x00007ffbb0ac0000 - 0x00007ffbb0ae7000 	C:\windows\SYSTEM32\WINMM.dll
0x00007ffbd0690000 - 0x00007ffbd06a2000 	C:\windows\SYSTEM32\kernel.appcore.dll
0x00007ffbca670000 - 0x00007ffbca67a000 	C:\Program Files\Java\jdk-19\bin\jimage.dll
0x00007ffbd03c0000 - 0x00007ffbd05a4000 	C:\windows\SYSTEM32\DBGHELP.DLL
0x00007ffbb08d0000 - 0x00007ffbb0904000 	C:\windows\SYSTEM32\dbgcore.DLL
0x00007ffbd2540000 - 0x00007ffbd25c2000 	C:\windows\System32\bcryptPrimitives.dll
0x00007ffba5e10000 - 0x00007ffba5e4c000 	C:\Program Files\Java\jdk-19\bin\jdwp.dll
0x00007ffbc62a0000 - 0x00007ffbc62c6000 	C:\Program Files\Java\jdk-19\bin\java.dll

dbghelp: loaded successfully - version: 4.0.5 - missing functions: none
symbol engine: initialized successfully - sym options: 0x614 - pdb path: .;C:\Program Files\Java\jdk-19\bin;C:\windows\SYSTEM32;C:\windows\WinSxS\amd64_microsoft.windows.common-controls_6595b64144ccf1df_6.0.19041.1110_none_60b5254171f9507e;C:\Program Files\Java\jdk-19\bin\server

VM Arguments:
jvm_args: -XX:+ShowCodeDetailsInExceptionMessages -agentlib:jdwp=transport=dt_socket,suspend=y,address=localhost:54818 -ea -Dfile.encoding=UTF-8 
java_command: org.testng.remote.RemoteTestNG -serport 54816 -protocol json -d C:\Users\lordr\AppiumWorkspace\AmazonFramework\Automation\test-output C:\Users\lordr\AppData\Local\Temp\testng-eclipse-1275115019\testng-customsuite.xml
java_class_path (initial): C:\Users\lordr\eclipse\java-2022-12\eclipse\configuration\org.eclipse.osgi\436\0\.cp\lib\testng-remote.jar;C:\Users\lordr\AppiumWorkspace\AmazonFramework\Automation\target\test-classes;C:\Users\lordr\AppiumWorkspace\AmazonFramework\Automation\target\classes;C:\Users\lordr\.m2\repository\junit\junit\4.11\junit-4.11.jar;C:\Users\lordr\.m2\repository\org\hamcrest\hamcrest-core\1.3\hamcrest-core-1.3.jar;C:\Users\lordr\.m2\repository\org\testng\testng\6.14.3\testng-6.14.3.jar;C:\Users\lordr\.m2\repository\com\beust\jcommander\1.72\jcommander-1.72.jar;C:\Users\lordr\.m2\repository\org\apache-extras\beanshell\bsh\2.0b6\bsh-2.0b6.jar;C:\Users\lordr\.m2\repository\org\seleniumhq\selenium\selenium-java\4.8.3\selenium-java-4.8.3.jar;C:\Users\lordr\.m2\repository\org\seleniumhq\selenium\selenium-api\4.8.3\selenium-api-4.8.3.jar;C:\Users\lordr\.m2\repository\org\seleniumhq\selenium\selenium-chrome-driver\4.8.3\selenium-chrome-driver-4.8.3.jar;C:\Users\lordr\.m2\repository\com\google\auto\service\auto-service-annotations\1.0.1\auto-service-annotations-1.0.1.jar;C:\Users\lordr\.m2\repository\com\google\auto\service\auto-service\1.0.1\auto-service-1.0.1.jar;C:\Users\lordr\.m2\repository\com\google\auto\auto-common\1.2\auto-common-1.2.jar;C:\Users\lordr\.m2\repository\com\google\guava\guava\31.1-jre\guava-31.1-jre.jar;C:\Users\lordr\.m2\repository\com\google\guava\failureaccess\1.0.1\failureaccess-1.0.1.jar;C:\Users\lordr\.m2\repository\com\google\guava\listenablefuture\9999.0-empty-to-avoid-conflict-with-guava\listenablefuture-9999.0-empty-to-avoid-conflict-with-guava.jar;C:\Users\lordr\.m2\repository\com\google\code\findbugs\jsr305\3.0.2\jsr305-3.0.2.jar;C:\Users\lordr\.m2\repository\org\checkerframework\checker-qual\3.12.0\checker-qual-3.12.0.jar;C:\Users\lordr\.m2\repository\com\google\errorprone\error_prone_annotations\2.11.0\error_prone_annotations-2.11.0.jar;C:\Users\lordr\.m2\repository\com\google\j2objc\j2objc-annotations\1.3\j2objc-annotations-1.3.jar;C:\Users\lordr\.m2\repository\org\seleniumhq\selenium\selenium-chromium-driver\4.8.3\selenium-chromium-driver-4.8.3.jar;C:\Users\lordr\.m2\repository\org\seleniumhq\selenium\selenium-json\4.8.3\selenium-json-4.8.3.jar;C:\Users\lordr\.m2\repository\org\seleniumhq\selenium\selenium-manager\4.8.3\selenium-manager-4.8.3.jar;C:\Users\lordr\.m2\repository\org\seleniumhq\selenium\selenium-devtools-v109\4.8.3\selenium-devtools-v109-4.8.3.jar;C:\Users\lordr\.m2\repository\org\seleniumhq\selenium\selenium-devtools-v110\4.8.3\selenium-devtools-v110-4.8.3.jar;C:\Users\lordr\.m2\repository\org\seleniumhq\selenium\selenium-devtools-v111\4.8.3\selenium-devtools-v111-4.8.3.jar;C:\Users\lordr\.m2\repository\org\seleniumhq\selenium\selenium-devtools-v85\4.8.3\selenium-devtools-v85-4.8.3.jar;C:\Users\lordr\.m2\repository\org\seleniumhq\selenium\selenium-edge-driver\4.8.3\selenium-edge-driver-4.8.3.jar;C:\Users\lordr\.m2\repository\org\seleniumhq\selenium\selenium-firefox-driver\4.8.3\selenium-firefox-driver-4.8.3.jar;C:\Users\lordr\.m2\repository\org\seleniumhq\selenium\selenium-http\4.8.3\selenium-http-4.8.3.jar;C:\Users\lordr\.m2\repository\dev\failsafe\failsafe\3.3.1\failsafe-3.3.1.jar;C:\Users\lordr\.m2\repository\org\seleniumhq\selenium\selenium-ie-driver\4.8.3\selenium-ie-driver-4.8.3.jar;C:\Users\lordr\.m2\repository\org\seleniumhq\selenium\selenium-remote-driver\4.8.3\selenium-remote-driver-4.8.3.jar;C:\Users\lordr\.m2\repository\io\netty\netty-buffer\4.1.90.Final\netty-buffer-4.1.90.Final.jar;C:\Users\lordr\.m2\repository\io\netty\netty-codec-http\4.1.90.Final\netty-codec-http-4.1.90.Final.jar;C:\Users\lordr\.m2\repository\io\netty\netty-codec\4.1.90.Final\netty-codec-4.1.90.Final.jar;C:\Users\lordr\.m2\repository\io\netty\netty-handler\4.1.90.Final\netty-handler-4.1.90.Final.jar;C:\Users\lordr\.m2\repository\io\netty\netty-common\4.1.90.Final\netty-common-4.1.90.Final.jar;C:\Users\lordr\.m2\repository\io\netty\netty-transport-classes-epoll\4.1.90.Final\netty-transport-classes-epoll-4.1.90.Final.jar;C:\Users\lordr\.m2\repository\io\netty\netty-transport-classes-kqueue\4.1.90.Final\netty-transport-classes-kqueue-4.1.90.Final.jar;C:\Users\lordr\.m2\repository\io\netty\netty-transport-native-epoll\4.1.90.Final\netty-transport-native-epoll-4.1.90.Final.jar;C:\Users\lordr\.m2\repository\io\netty\netty-transport-native-kqueue\4.1.90.Final\netty-transport-native-kqueue-4.1.90.Final.jar;C:\Users\lordr\.m2\repository\io\netty\netty-transport-native-unix-common\4.1.90.Final\netty-transport-native-unix-common-4.1.90.Final.jar;C:\Users\lordr\.m2\repository\io\netty\netty-transport\4.1.90.Final\netty-transport-4.1.90.Final.jar;C:\Users\lordr\.m2\repository\io\netty\netty-resolver\4.1.90.Final\netty-resolver-4.1.90.Final.jar;C:\Users\lordr\.m2\repository\io\opentelemetry\opentelemetry-api\1.24.0\opentelemetry-api-1.24.0.jar;C:\Users\lordr\.m2\repository\io\opentelemetry\opentelemetry-context\1.24.0\opentelemetry-context-1.24.0.jar;C:\Users\lordr\.m2\repository\io\opentelemetry\opentelemetry-exporter-logging\1.24.0\opentelemetry-exporter-logging-1.24.0.jar;C:\Users\lordr\.m2\repository\io\opentelemetry\opentelemetry-sdk-metrics\1.24.0\opentelemetry-sdk-metrics-1.24.0.jar;C:\Users\lordr\.m2\repository\io\opentelemetry\opentelemetry-sdk-logs\1.24.0-alpha\opentelemetry-sdk-logs-1.24.0-alpha.jar;C:\Users\lordr\.m2\repository\io\opentelemetry\opentelemetry-api-logs\1.24.0-alpha\opentelemetry-api-logs-1.24.0-alpha.jar;C:\Users\lordr\.m2\repository\io\opentelemetry\opentelemetry-api-events\1.24.0-alpha\opentelemetry-api-events-1.24.0-alpha.jar;C:\Users\lordr\.m2\repository\io\opentelemetry\opentelemetry-sdk-common\1.24.0\opentelemetry-sdk-common-1.24.0.jar;C:\Users\lordr\.m2\repository\io\opentelemetry\opentelemetry-sdk-extension-autoconfigure-spi\1.24.0\opentelemetry-sdk-extension-autoconfigure-spi-1.24.0.jar;C:\Users\lordr\.m2\repository\io\opentelemetry\opentelemetry-sdk-extension-autoconfigure\1.24.0-alpha\opentelemetry-sdk-extension-autoconfigure-1.24.0-alpha.jar;C:\Users\lordr\.m2\repository\io\opentelemetry\opentelemetry-sdk-trace\1.24.0\opentelemetry-sdk-trace-1.24.0.jar;C:\Users\lordr\.m2\repository\io\opentelemetry\opentelemetry-sdk\1.24.0\opentelemetry-sdk-1.24.0.jar;C:\Users\lordr\.m2\repository\io\opentelemetry\opentelemetry-semconv\1.24.0-alpha\opentelemetry-semconv-1.24.0-alpha.jar;C:\Users\lordr\.m2\repository\io\ous\jtoml\2.0.0\jtoml-2.0.0.jar;C:\Users\lordr\.m2\repository\net\bytebuddy\byte-buddy\1.14.2\byte-buddy-1.14.2.jar;C:\Users\lordr\.m2\repository\org\apache\commons\commons-exec\1.3\commons-exec-1.3.jar;C:\Users\lordr\.m2\repository\org\asynchttpclient\async-http-client\2.12.3\async-http-client-2.12.3.jar;C:\Users\lordr\.m2\repository\org\asynchttpclient\async-http-client-netty-utils\2.12.3\async-http-client-netty-utils-2.12.3.jar;C:\Users\lordr\.m2\repository\io\netty\netty-codec-socks\4.1.60.Final\netty-codec-socks-4.1.60.Final.jar;C:\Users\lordr\.m2\repository\io\netty\netty-handler-proxy\4.1.60.Final\netty-handler-proxy-4.1.60.Final.jar;C:\Users\lordr\.m2\repository\io\netty\netty-transport-native-epoll\4.1.60.Final\netty-transport-native-epoll-4.1.60.Final-linux-x86_64.jar;C:\Users\lordr\.m2\repository\io\netty\netty-transport-native-kqueue\4.1.60.Final\netty-transport-native-kqueue-4.1.60.Final-osx-x86_64.jar;C:\Users\lordr\.m2\repository\org\reactivestreams\reactive-streams\1.0.3\reactive-streams-1.0.3.jar;C:\Users\lordr\.m2\repository\com\typesafe\netty\netty-reactive-streams\2.0.4\netty-reactive-streams-2.0.4.jar;C:\Users\lordr\.m2\repository\org\slf4j\slf4j-api\1.7.30\slf4j-api-1.7.30.jar;C:\Users\lordr\.m2\repository\com\sun\activation\jakarta.activation\1.2.2\jakarta.activation-1.2.2.jar;C:\Users\lordr\.m2\repository\org\seleniumhq\selenium\selenium-safari-driver\4.8.3\selenium-safari-driver-4.8.3.jar;C:\Users\lordr\.m2\repository\org\seleniumhq\selenium\selenium-support\4.8.3\selenium-support-4.8.3.jar;C:\Users\lordr\.m2\repository\io\cucumber\cucumber-java\7.5.0\cucumber-java-7.5.0.jar;C:\Users\lordr\.m2\repository\io\cucumber\cucumber-core\7.5.0\cucumber-core-7.5.0.jar;C:\Users\lordr\.m2\repository\io\cucumber\cucumber-gherkin\7.5.0\cucumber-gherkin-7.5.0.jar;C:\Users\lordr\.m2\repository\io\cucumber\cucumber-gherkin-messages\7.5.0\cucumber-gherkin-messages-7.5.0.jar;C:\Users\lordr\.m2\repository\io\cucumber\gherkin\23.0.1\gherkin-23.0.1.jar;C:\Users\lordr\.m2\repository\io\cucumber\messages\18.0.0\messages-18.0.0.jar;C:\Users\lordr\.m2\repository\io\cucumber\tag-expressions\4.1.0\tag-expressions-4.1.0.jar;C:\Users\lordr\.m2\repository\io\cucumber\cucumber-expressions\16.0.0\cucumber-expressions-16.0.0.jar;C:\Users\lordr\.m2\repository\io\cucumber\datatable\7.5.0\datatable-7.5.0.jar;C:\Users\lordr\.m2\repository\io\cucumber\cucumber-plugin\7.5.0\cucumber-plugin-7.5.0.jar;C:\Users\lordr\.m2\repository\io\cucumber\docstring\7.5.0\docstring-7.5.0.jar;C:\Users\lordr\.m2\repository\io\cucumber\html-formatter\19.2.0\html-formatter-19.2.0.jar;C:\Users\lordr\.m2\repository\io\cucumber\ci-environment\9.1.0\ci-environment-9.1.0.jar;C:\Users\lordr\.m2\repository\org\apiguardian\apiguardian-api\1.1.2\apiguardian-api-1.1.2.jar;C:\Users\lordr\.m2\repository\io\cucumber\cucumber-testng\7.5.0\cucumber-testng-7.5.0.jar;C:\Users\lordr\.m2\repository\commons-io\commons-io\2.11.0\commons-io-2.11.0.jar
Launcher Type: SUN_STANDARD

[Global flags]
     intx CICompilerCount                          = 3                                         {product} {ergonomic}
     uint ConcGCThreads                            = 1                                         {product} {ergonomic}
     uint G1ConcRefinementThreads                  = 4                                         {product} {ergonomic}
   size_t G1HeapRegionSize                         = 1048576                                   {product} {ergonomic}
    uintx GCDrainStackTargetSize                   = 64                                        {product} {ergonomic}
   size_t InitialHeapSize                          = 132120576                                 {product} {ergonomic}
   size_t MarkStackSize                            = 4194304                                   {product} {ergonomic}
   size_t MaxHeapSize                              = 2084569088                                {product} {ergonomic}
   size_t MinHeapDeltaBytes                        = 1048576                                   {product} {ergonomic}
   size_t MinHeapSize                              = 8388608                                   {product} {ergonomic}
    uintx NonNMethodCodeHeapSize                   = 5832780                                {pd product} {ergonomic}
    uintx NonProfiledCodeHeapSize                  = 122912730                              {pd product} {ergonomic}
    uintx ProfiledCodeHeapSize                     = 122912730                              {pd product} {ergonomic}
    uintx ReservedCodeCacheSize                    = 251658240                              {pd product} {ergonomic}
     bool SegmentedCodeCache                       = true                                      {product} {ergonomic}
     bool ShowCodeDetailsInExceptionMessages       = true                                   {manageable} {command line}
   size_t SoftMaxHeapSize                          = 2084569088                             {manageable} {ergonomic}
     bool UseCompressedClassPointers               = true                           {product lp64_product} {ergonomic}
     bool UseCompressedOops                        = true                           {product lp64_product} {ergonomic}
     bool UseG1GC                                  = true                                      {product} {ergonomic}
     bool UseLargePagesIndividualAllocation        = false                                  {pd product} {ergonomic}

Logging:
Log output configuration:
 #0: stdout all=warning uptime,level,tags foldmultilines=false
 #1: stderr all=off uptime,level,tags foldmultilines=false

Environment Variables:
JAVA_HOME=C:\Program Files\Java\jdk-11.0.16.1
CLASSPATH=C:\Program Files\Java\jdk-11.0.16.1\bin
PATH=C:/Program Files/Java/jdk-19/bin/server;C:/Program Files/Java/jdk-19/bin;C:\Program Files\Common Files\Oracle\Java\javapath;C:\Program Files (x86)\Razer\ChromaBroadcast\bin;C:\Program Files\Razer\ChromaBroadcast\bin;C:\Python310\Scripts\;C:\Python310\;C:\windows\system32;C:\windows;C:\windows\System32\Wbem;C:\windows\System32\WindowsPowerShell\v1.0\;C:\windows\System32\OpenSSH\;C:\MinGW;C:\Program Files (x86)\Min-gw;C:\Users\lordr\OneDrive\Documents\min-gw;C:\MinGW\bin;C:\msys64\mingw64\bin;C:\Program Files\dotnet\;C:\Program Files\Git\cmd;C:\ProgramData\chocolatey\bin;C:\groovy-4.0.1\bin;C:\Program Files\Microsoft SQL Server\Client SDK\ODBC\170\Tools\Binn\;C:\windows\system32\config\systemprofile\AppData\Local\Microsoft\WindowsApps;C:\Program Files\apache-maven-3.8.6\bin;C:\Android\platform-tools;C:\Users\lordr\AppData\Local\Android\Sdk\tools\bin;C:\Users\lordr\AppData\Local\Android\Sdk\tools;C:\Users\lordr\AppData\Local\Android\Sdk\platform-tools;node_modules\npm\bin;C:\ProgramData\Flutter\flutter\bin;C:\Program Files\Docker\Docker\resources\bin;C:\Program Files\Java\jdk-11.0.16.1\bin;C:\Program Files\apache-maven-3.8.6\bin;C:\Users\lordr\AppData\Roaming\nvm;C:\Program Files\nodejs;C:\Users\lordr\AppData\Local\Programs\Python\Python39-32\Scripts\;C:\Users\lordr\AppData\Local\Programs\Python\Python39-32\;C:\Users\lordr\AppData\Local\Microsoft\WindowsApps;C:\Users\lordr\AppData\Local\Programs\Microsoft VS Code\bin;C:\Users\lordr\.dotnet\tools;C:\Program Files\JetBrains\PyCharm Community Edition 2022.3.1\bin;;C:\Program Files\PostgreSQL\13\bin;C:\Program Files\Azure Data Studio\bin;C:\Program Files\MongoDB\Server\6.0\bin;C:\Users\lordr\AppData\Roaming\npm;C:\ProgramData\Flutter\flutter\bin;C:\Users\lordr\AppData\Roaming\nvm;C:\Program Files\nodejs;C:\windows\system32;
USERNAME=lordr
OS=Windows_NT
PROCESSOR_IDENTIFIER=Intel64 Family 6 Model 140 Stepping 1, GenuineIntel
TMP=C:\Users\lordr\AppData\Local\Temp
TEMP=C:\Users\lordr\AppData\Local\Temp



---------------  S Y S T E M  ---------------

OS:
 Windows 10 , 64 bit Build 19041 (10.0.19041.2788)
OS uptime: 6 days 3:40 hours
Hyper-V role detected

CPU: total 4 (initial active 4) (2 cores per cpu, 2 threads per core) family 6 model 140 stepping 1 microcode 0x86, cx8, cmov, fxsr, ht, mmx, 3dnowpref, sse, sse2, sse3, ssse3, sse4.1, sse4.2, popcnt, lzcnt, tsc, tscinvbit, avx, avx2, aes, erms, clmul, bmi1, bmi2, adx, avx512f, avx512dq, avx512cd, avx512bw, avx512vl, sha, fma, vzeroupper, avx512_vpopcntdq, avx512_vpclmulqdq, avx512_vaes, avx512_vnni, clflush, clflushopt, clwb, avx512_vbmi2, avx512_vbmi, hv, rdtscp, rdpid, fsrm, gfni, avx512_bitalg

Memory: 4k page, system-wide physical 7948M (320M free)
TotalPageFile size 32524M (AvailPageFile size 65M)
current process WorkingSet (physical memory assigned to process): 10M, peak: 10M
current process commit charge ("private bytes"): 52M, peak: 178M

vm_info: Java HotSpot(TM) 64-Bit Server VM (19.0.2+7-44) for windows-amd64 JRE (19.0.2+7-44), built on 2022-11-30T18:02:09Z by "mach5one" with MS VC++ 17.1 (VS2022)

END.
